-11183
0 16 -19
0 27 -23
0 12 -50
0 83 -89
0 20 -12
0 63 -54
2 49 -79
2 97 51
2 88 32
2 18 -4
2 60 -47
2 95 -41
2 27 -49
2 15 5
2 64 7
2 12 99
2 42 -66
2 80 -80
3 8 -83
3 41 73
3 66 -92
3 77 36
3 45 88
3 56 -46
3 65 -25
4 56 64
4 66 -52
4 69 -21
4 1 -34
4 14 -67
5 8 61
5 31 -54
6 14 -43
6 1 -77
6 52 -84
6 56 -60
6 77 -87
7 65 -70
7 28 -19
7 52 86
7 4 31
9 77 -59
9 5 -68
9 16 -74
10 12 -89
10 99 -25
10 90 -77
10 88 -73
10 94 11
11 39 86
11 93 -21
11 66 -25
12 22 7
12 56 2
12 24 2
12 71 -52
13 64 14
13 19 -21
13 55 24
13 76 -12
13 50 -34
14 1 -56
14 97 -83
15 20 -87
15 29 43
15 24 32
15 45 -59
15 53 -52
15 72 -75
15 30 63
15 51 -14
15 93 54
15 14 -37
16 25 -33
16 1 -93
16 99 4
16 39 -90
16 51 -98
16 97 -69
16 30 -94
17 94 65
17 95 -25
17 39 -4
17 56 -24
17 55 -45
17 28 -52
18 94 -35
18 83 -53
18 95 -83
18 28 -17
18 24 -33
19 55 -26
19 7 -63
19 12 38
19 81 5
19 25 45
19 47 -51
20 85 -46
20 64 -34
20 32 75
20 47 3
20 27 -79
20 69 -57
20 5 72
20 42 98
20 82 -93
20 55 -74
21 32 -75
21 97 83
21 68 62
21 10 73
21 41 0
21 72 -91
21 34 36
21 47 -78
21 51 18
21 56 -37
21 25 2
23 56 -84
23 95 7
23 25 -84
23 69 -12
23 72 -27
25 71 52
25 86 21
25 72 -2
26 65 35
26 42 52
26 23 -97
26 16 -93
26 39 86
27 8 55
27 55 -85
29 90 46
29 26 -42
29 99 -66
29 60 -66
30 55 -35
30 45 -58
31 12 -77
32 27 -70
32 56 2
32 30 -55
33 35 -22
33 72 -25
33 39 39
34 7 -29
34 68 -73
34 86 -29
34 76 73
34 77 -98
34 23 -24
34 97 38
34 60 -79
34 55 37
35 93 -20
35 8 11
35 14 -29
35 72 -23
35 18 22
35 57 -15
35 64 -67
35 22 -96
36 30 -23
36 6 3
36 72 -49
36 18 -79
36 83 -61
37 27 -21
37 45 -99
37 0 48
37 44 -14
38 20 6
38 85 -59
38 30 -26
39 8 -2
39 63 -44
39 66 77
40 64 10
40 76 -88
40 94 -24
40 6 51
40 4 -56
40 69 -56
40 41 -93
40 26 3
40 22 28
40 51 30
40 80 37
42 72 -91
42 86 57
42 12 64
43 65 -97
43 12 -87
43 67 -54
43 49 -25
43 7 -26
43 47 -32
46 35 -20
46 3 35
46 55 100
46 74 -47
46 66 -51
46 23 -6
46 12 -52
46 8 -16
47 88 -75
47 93 -74
47 14 63
47 78 -100
47 5 -33
47 56 -39
47 82 -57
48 76 14
48 2 22
48 15 -30
48 53 -74
48 10 -33
48 18 -53
48 66 51
48 14 -96
48 90 -40
48 88 80
49 24 -92
49 71 44
49 6 -84
49 28 48
49 30 35
50 72 1
50 66 -92
50 46 -61
50 70 -76
50 26 -44
50 23 52
50 76 -85
50 60 -66
50 83 -98
50 63 44
50 6 -63
50 15 19
50 35 -31
51 97 -62
51 47 53
51 6 -96
52 22 -53
52 86 -62
52 97 -50
53 97 22
53 65 -70
53 93 -70
53 14 -45
53 52 -86
53 82 11
53 8 -38
53 68 -32
54 18 -26
54 90 56
54 29 -38
54 88 -97
54 97 -55
54 22 -28
54 98 -11
54 76 28
56 95 -57
56 22 -22
57 74 -33
57 41 -75
57 93 15
57 52 -3
57 97 -96
58 28 44
58 50 7
58 6 -40
58 2 -38
58 23 8
58 93 -3
58 10 -74
58 96 -2
58 81 16
59 68 16
59 47 -35
59 8 -55
59 76 -38
59 94 -6
59 24 -55
59 28 -70
59 5 3
59 20 -78
59 23 -33
59 12 -1
59 88 67
60 93 53
60 63 -77
60 49 26
60 86 -70
61 66 -53
61 83 41
61 25 -75
61 96 11
61 68 90
61 6 14
61 49 -97
61 30 -67
61 93 -36
61 71 -74
62 45 -80
62 39 -98
62 20 90
62 52 -41
62 95 -61
62 23 62
62 7 50
62 71 40
62 42 59
62 60 60
62 47 -32
62 24 -73
63 72 43
63 66 -68
63 86 31
64 95 22
64 42 -74
64 72 19
64 67 56
64 93 63
65 30 -30
66 55 -6
66 14 -100
67 66 -53
67 49 -86
67 4 15
67 28 78
67 41 12
68 52 -71
68 23 -72
68 93 -70
68 4 93
68 7 -42
70 83 17
70 7 -91
70 77 -60
70 8 -88
72 69 -91
72 45 20
73 72 16
73 5 58
73 64 -6
73 25 -93
74 56 -38
74 1 57
74 32 -23
75 77 45
75 44 -88
75 69 -80
75 24 -4
75 6 24
75 95 -43
76 66 -41
76 55 -67
76 63 -60
76 86 -80
77 1 39
78 41 -19
78 67 -56
78 22 -61
78 6 -79
78 28 73
79 46 20
79 30 -57
79 3 -46
79 25 -9
79 51 -84
79 77 53
79 71 -62
79 26 -86
80 97 -22
80 66 -75
80 68 -84
81 8 19
81 65 -46
82 22 67
82 27 55
82 97 -87
83 49 95
83 31 -79
83 72 -68
83 74 16
83 63 17
83 39 -47
84 69 25
84 45 -88
84 77 96
84 14 68
84 3 100
84 41 -93
84 50 -81
84 98 -31
84 75 -53
84 78 32
85 86 -87
85 69 -91
85 57 -94
85 8 -56
85 23 -96
85 3 -59
85 93 40
86 55 41
87 81 -80
87 88 -96
87 31 -43
87 1 -100
87 16 86
88 63 -16
88 55 -82
88 97 -74
88 78 -88
89 22 40
89 4 -80
89 32 30
89 83 51
89 12 6
89 63 43
90 30 74
90 41 34
90 23 -48
90 24 80
90 22 -78
90 32 -92
90 6 -51
91 52 -13
91 3 -99
91 76 -64
92 99 26
92 2 -40
92 10 25
92 55 -59
92 95 4
92 81 -25
93 12 44
93 63 -73
93 24 -83
93 3 -89
93 4 -81
94 39 -74
94 74 -94
94 24 -79
94 55 -37
95 69 -25
95 22 -51
95 14 -38
96 46 -84
96 42 -80
96 78 -74
96 25 25
96 88 -98
98 97 98
98 82 58
98 25 20
98 24 -30
98 94 -84
98 44 2
98 93 -45
98 0 -98
99 81 -64
99 27 -99
99 3 61
99 67 -61
