-4369
0 3 87
0 12 -37
0 10 -91
0 23 60
0 29 39
0 28 96
0 17 -92
0 8 -61
0 25 7
0 18 -91
0 11 -22
0 7 29
0 1 87
0 22 37
0 21 -20
0 9 -67
0 27 44
0 19 82
0 15 -94
1 8 -81
2 15 66
2 11 -14
2 1 -88
2 3 91
2 21 -54
2 29 -72
2 18 34
2 22 -67
2 27 -46
2 17 -68
2 0 -100
2 10 58
2 8 68
2 7 -26
2 12 19
2 23 -88
2 28 -29
2 25 -9
2 19 70
2 9 -93
3 19 60
3 28 -59
3 8 28
3 1 -5
4 19 -2
4 15 78
4 0 -42
4 18 -13
4 3 25
4 6 79
4 13 -98
4 9 -7
4 29 -40
4 17 68
4 5 72
4 23 -10
4 1 -55
4 24 -58
4 26 51
4 16 -78
4 2 -98
4 22 99
4 14 26
4 28 -25
4 7 96
4 10 -91
4 11 18
4 21 78
4 8 44
4 12 -23
4 25 10
4 27 -20
5 2 74
5 0 -48
5 21 -17
5 23 -22
5 12 -49
5 28 84
5 11 -99
5 7 79
5 14 -74
5 1 -17
5 8 -85
5 27 -30
5 16 -28
5 18 43
5 10 30
5 29 85
5 17 92
5 3 -9
5 25 -64
5 22 95
5 9 20
5 15 73
5 19 -13
6 14 -68
6 26 -49
6 17 -2
6 25 17
6 29 -92
6 7 56
6 23 11
6 11 17
6 16 -66
6 22 8
6 19 -21
6 2 84
6 18 -30
6 12 44
6 27 26
6 5 -12
6 15 -87
6 10 -46
6 1 21
6 9 29
6 3 -44
6 0 46
6 21 31
6 8 34
6 28 -77
7 25 -14
7 21 24
7 29 -95
7 22 68
7 8 -23
7 3 -13
7 12 -88
7 27 -100
7 1 -11
7 10 -3
7 28 -49
7 9 -47
7 23 -36
7 17 -59
7 19 92
9 23 -88
9 17 27
9 28 -93
9 22 18
9 8 39
9 19 6
9 1 92
9 3 72
9 25 -14
9 10 -75
10 3 -10
10 23 98
10 19 76
10 1 -12
10 8 -99
10 28 60
11 3 -2
11 9 -55
11 12 21
11 27 -56
11 8 94
11 28 -63
11 1 -85
11 10 51
11 25 -11
11 22 -16
11 29 -85
11 19 -3
11 21 30
11 7 -71
11 17 -15
11 23 -52
12 3 -77
12 21 -65
12 28 -55
12 22 99
12 23 2
12 19 -64
12 1 -91
12 8 -6
12 10 -35
12 17 -11
12 9 -15
12 27 35
12 25 -32
13 11 12
13 3 -78
13 12 -20
13 21 -38
13 10 -17
13 1 -75
13 27 -13
13 7 -74
13 0 23
13 16 95
13 14 100
13 6 -70
13 26 -7
13 23 -68
13 5 -55
13 28 -68
13 18 67
13 9 -60
13 15 -63
13 19 -6
13 29 83
13 2 -4
13 25 79
13 22 -74
13 8 -77
13 17 6
14 23 -100
14 10 -32
14 0 -54
14 27 -100
14 8 71
14 29 86
14 19 -61
14 21 79
14 17 -87
14 25 -26
14 12 34
14 1 -5
14 16 -63
14 9 -80
14 7 31
14 28 -31
14 22 -49
14 11 -90
14 2 -47
14 18 -34
14 15 83
14 3 76
15 7 -46
15 18 9
15 8 100
15 29 28
15 27 -42
15 28 -62
15 23 12
15 9 38
15 19 9
15 17 -10
15 21 -6
15 3 4
15 22 -82
15 1 -10
15 11 -43
15 25 -88
15 10 3
15 12 51
16 28 -50
16 9 65
16 0 -47
16 2 -65
16 11 -95
16 8 -45
16 12 94
16 23 -66
16 17 -92
16 27 6
16 29 -6
16 3 90
16 19 -84
16 21 -56
16 25 -7
16 18 -32
16 15 -81
16 1 40
16 7 -93
16 10 53
16 22 -50
17 8 49
17 10 -98
17 1 4
17 3 -93
17 28 30
17 23 -5
17 25 -62
17 19 -91
18 3 45
18 17 11
18 23 98
18 22 17
18 10 -30
18 21 28
18 11 -59
18 19 -28
18 28 -21
18 12 66
18 27 -27
18 25 10
18 29 -70
18 9 -25
18 1 23
18 7 37
18 8 -48
19 1 5
19 8 56
20 19 -32
20 26 -37
20 23 -56
20 21 25
20 6 -98
20 16 11
20 22 -19
20 3 -38
20 7 84
20 25 -86
20 11 68
20 0 -80
20 4 0
20 17 -12
20 14 3
20 8 33
20 29 7
20 9 14
20 13 33
20 2 19
20 27 94
20 18 -56
20 5 20
20 15 99
20 12 -29
20 24 -61
20 1 24
20 10 100
20 28 77
21 8 75
21 1 -21
21 22 -2
21 9 62
21 27 -68
21 10 -84
21 23 83
21 17 -89
21 3 -18
21 25 -65
21 28 19
21 19 -20
22 3 90
22 17 69
22 1 96
22 19 -97
22 8 -33
22 10 64
22 28 -21
22 25 -78
22 23 -60
23 3 -67
23 28 -13
23 19 -63
23 8 26
23 1 100
24 26 -25
24 23 -32
24 12 -58
24 2 -34
24 18 -44
24 0 42
24 1 49
24 28 83
24 13 23
24 17 -71
24 14 -1
24 25 -37
24 9 23
24 5 14
24 29 1
24 3 -97
24 8 -91
24 6 -40
24 21 -13
24 11 36
24 16 10
24 7 -60
24 10 30
24 15 25
24 27 64
24 22 -53
24 19 -44
25 23 -32
25 1 -82
25 3 -97
25 19 -46
25 10 31
25 28 89
25 8 -69
26 1 20
26 3 -16
26 22 -80
26 9 -58
26 8 36
26 5 -77
26 17 -22
26 27 0
26 15 -92
26 14 -4
26 16 -48
26 23 -20
26 28 96
26 19 -10
26 7 54
26 0 -44
26 2 -4
26 10 -39
26 29 -55
26 12 -74
26 21 21
26 11 51
26 18 -56
26 25 -60
27 10 47
27 8 100
27 23 -55
27 22 -83
27 1 -2
27 3 -4
27 25 -33
27 17 -39
27 9 10
27 19 -80
27 28 -15
28 1 -65
28 8 13
28 19 100
29 28 -27
29 8 -55
29 10 -67
29 9 -99
29 17 46
29 21 -96
29 3 -84
29 23 47
29 1 42
29 25 28
29 12 -16
29 27 -45
29 19 -64
29 22 25
