-35011
0 91 -6
0 494 -73
0 448 -67
0 206 -16
0 229 24
1 278 -53
1 356 -17
1 400 -53
2 438 -30
3 41 -44
3 388 -18
3 407 56
3 488 -25
3 109 53
3 187 -8
3 428 -31
4 413 -68
5 153 60
5 401 -11
5 69 -40
5 368 29
6 292 -35
6 437 10
6 131 -25
6 256 -88
7 289 -46
7 413 48
8 246 -72
9 292 39
10 490 3
11 373 -98
11 106 -97
12 454 -68
12 346 -96
13 322 -55
14 256 36
14 408 79
15 52 -15
15 13 25
16 246 -64
16 177 -21
16 92 -66
16 461 -55
18 448 -30
18 245 46
18 83 -38
19 451 5
19 352 -20
19 41 -12
20 344 -69
20 423 -79
21 10 9
21 165 11
21 178 41
21 301 70
22 79 -71
23 146 -42
23 265 -24
24 100 -98
25 391 11
25 375 -25
25 61 -52
25 15 -63
25 86 -76
25 497 -44
25 40 -17
26 454 53
26 113 -33
26 173 22
26 179 -87
27 393 9
27 138 -94
27 40 -76
27 254 43
27 375 -89
28 420 57
28 328 -11
28 451 -2
29 308 -27
29 489 63
30 352 19
30 24 -56
32 99 79
32 316 58
32 435 8
32 448 24
33 498 45
33 29 -73
34 367 13
34 329 20
34 453 52
34 243 8
35 79 -84
36 256 75
36 239 -23
36 162 -82
37 319 32
38 65 -57
38 235 -77
38 83 58
38 42 -47
39 101 -96
40 361 -19
40 367 -13
40 414 64
40 208 -76
40 78 -23
41 301 73
41 432 -48
43 62 -80
43 9 -90
43 491 -90
45 235 -40
45 206 -41
45 438 -85
45 301 -20
45 494 42
45 316 -67
45 382 31
46 295 80
46 358 85
46 432 21
47 340 -95
48 411 67
48 15 -78
48 349 -42
49 30 -62
49 266 35
50 192 -48
50 256 -95
50 482 -99
52 31 -53
52 264 23
53 41 18
53 137 40
53 247 40
54 155 18
54 26 -14
54 493 -1
55 428 -45
55 37 -99
55 368 -74
56 70 -46
56 155 4
57 388 25
57 86 74
57 214 -13
57 248 -79
58 322 -41
58 183 -69
59 43 -31
59 15 15
59 477 -96
59 195 -83
60 42 -52
60 229 -52
60 349 18
60 161 -31
60 51 -28
61 318 -17
61 208 -69
61 84 -94
61 122 -26
62 401 -11
62 428 -54
63 125 94
63 237 -67
64 298 34
64 42 -55
67 333 65
68 368 -38
68 153 -16
69 48 -34
70 362 -98
70 6 -96
71 9 -55
72 460 31
72 424 -28
74 81 -43
74 165 27
74 445 -35
74 339 -28
74 295 -43
74 233 -34
76 445 -68
76 77 -48
76 20 -35
76 197 -38
77 146 -85
77 289 80
77 43 -93
79 24 -65
79 413 73
79 138 -89
80 463 14
80 195 -35
81 311 -41
81 109 20
81 403 27
81 300 -51
81 264 -98
82 363 27
82 188 -56
82 392 -70
82 124 -3
82 316 -91
84 443 -80
85 300 -32
85 79 -37
85 362 -70
85 220 -10
85 395 -42
87 289 -19
88 39 -51
88 245 -24
88 365 -98
88 353 -11
88 354 48
89 84 -5
89 491 -49
89 349 -13
89 106 3
90 202 -65
90 245 -63
90 352 -84
90 147 -36
93 494 -69
93 163 -24
94 90 45
94 289 -94
94 237 11
95 71 1
95 486 -26
96 60 -93
96 408 41
96 17 -2
96 426 -18
96 407 35
97 35 10
97 348 55
98 100 -32
98 78 -80
98 319 30
98 63 -26
98 7 -99
98 195 -70
98 325 -75
100 402 22
101 42 61
101 388 -86
101 422 -90
101 308 -99
102 484 -60
103 150 -21
103 81 -45
104 419 -25
104 146 49
104 219 86
105 17 -89
105 177 -36
107 413 -44
108 186 -24
108 71 45
108 379 56
108 331 59
109 255 -19
109 256 -54
109 179 -62
110 348 -34
110 45 -16
111 398 -96
111 154 -34
111 7 -49
112 271 -53
112 370 -23
112 477 -14
113 335 -54
113 361 98
113 79 -54
114 423 3
114 178 62
114 375 -30
114 435 -80
115 155 -42
115 495 -44
115 48 0
115 234 39
115 1 -23
115 121 -38
116 91 -39
116 325 24
116 157 3
117 260 31
117 171 -58
118 255 -93
118 172 -99
118 421 -4
118 413 -29
118 262 -86
119 58 -39
119 196 28
120 499 -87
120 196 0
120 135 -8
120 71 -54
122 344 -44
122 271 -55
123 425 7
123 292 33
123 366 -68
124 107 -78
124 196 -70
124 491 -19
124 318 -75
124 11 -62
125 325 20
125 154 -99
126 153 38
126 443 -98
126 109 -91
126 174 -66
126 158 -84
126 284 -100
126 494 58
128 9 -19
129 415 5
129 44 12
129 177 3
129 413 -58
130 71 -52
130 250 -74
132 8 -3
132 474 -97
133 247 -14
133 355 -60
133 489 -21
134 158 -39
134 424 -39
135 371 6
136 47 90
136 344 29
137 224 -33
137 325 -98
138 454 47
138 486 -78
139 376 10
139 469 -34
139 415 -43
139 264 21
140 83 -76
140 80 1
140 401 -99
140 206 37
142 62 34
142 198 -2
142 322 -91
143 477 79
143 379 -1
143 154 29
143 444 -53
143 461 -74
144 355 81
144 249 49
144 90 -27
144 443 3
145 154 -17
146 322 36
148 420 17
148 43 -56
148 56 53
148 180 -52
148 9 -67
148 208 43
149 284 67
149 137 -57
149 178 40
149 35 -82
150 147 -63
151 370 25
151 262 -99
151 465 8
151 414 -100
152 489 -79
152 445 16
152 357 -97
152 361 -71
155 150 -6
156 179 -66
156 309 9
156 210 -72
156 388 -33
156 41 -90
157 10 -49
157 402 -9
159 155 -78
159 107 -11
159 15 13
160 384 -79
160 159 -41
160 208 24
162 125 -74
162 271 75
162 246 29
162 319 -30
162 121 -56
162 171 -85
163 60 6
163 395 -80
165 297 56
165 18 -81
166 31 -50
167 79 51
167 219 -98
167 39 -63
168 454 -45
168 118 82
170 86 41
170 204 -38
170 269 -54
170 473 82
170 297 8
171 352 -30
173 249 -46
175 430 -96
176 216 8
176 131 -1
176 254 -98
177 421 -98
177 171 -21
177 490 84
178 292 -55
178 264 -90
179 17 -68
180 174 34
182 482 -20
182 50 -79
183 31 -78
184 2 -61
184 194 -1
184 141 91
184 48 -20
185 179 -45
187 384 -32
188 70 7
188 358 -88
189 373 -78
189 486 1
189 384 -58
189 72 -9
190 174 -90
191 217 -80
191 368 -20
191 493 -83
191 177 -42
192 363 -81
192 304 11
192 426 12
192 322 -33
193 223 -5
193 240 -69
193 8 17
193 373 -59
193 252 7
193 297 -5
193 355 19
194 362 -25
194 421 -85
194 26 78
195 402 -39
196 154 -79
198 322 19
198 92 -81
198 460 -71
199 463 -40
199 328 -68
199 289 0
199 61 -62
200 15 20
200 397 5
200 237 -96
200 161 -56
200 358 46
200 424 58
200 277 -85
200 47 -37
201 174 -64
201 479 -36
202 249 21
203 426 59
203 408 -67
203 346 40
203 99 -93
205 435 -7
205 44 -42
205 284 1
206 146 -45
206 173 -89
206 295 -22
206 421 13
207 24 64
207 78 -89
207 440 73
207 190 -59
208 322 -90
208 264 25
208 256 -93
208 304 -12
208 411 -59
209 408 -81
209 220 24
209 377 1
210 287 15
210 252 -50
212 217 -22
212 322 -35
212 417 -19
213 355 -90
213 59 -95
213 431 -21
213 183 35
214 349 54
214 262 -48
214 11 59
216 395 -53
217 69 71
217 296 1
218 400 95
218 383 -8
218 186 -61
218 312 46
218 424 -9
219 316 -45
219 12 -99
219 403 -61
219 435 -87
219 489 -83
220 370 -84
220 106 28
221 150 -90
221 345 28
221 355 -66
222 45 -32
222 498 -69
222 462 -72
222 279 -53
222 383 -66
222 216 -38
223 83 -36
224 10 -61
224 231 -5
225 303 -16
225 484 -32
226 80 -89
226 388 -73
226 229 82
226 395 22
226 113 -90
227 62 -99
227 318 -69
227 354 -45
228 254 -98
228 42 -65
229 385 -91
229 273 -14
230 404 -1
230 400 -29
230 338 12
230 225 -59
232 187 -69
232 249 -17
232 362 12
232 363 -100
232 246 53
232 22 60
232 487 -13
233 435 -75
233 153 -34
234 171 31
234 459 -52
235 84 -19
235 138 -53
236 146 -84
236 277 -17
236 442 -74
236 331 10
236 258 -84
236 411 -88
236 454 -97
236 333 -40
236 268 -83
236 431 -62
237 490 -5
237 196 -25
238 326 -41
238 484 -89
238 41 80
240 66 -57
241 284 -40
241 392 -46
241 421 6
241 138 -15
242 31 -89
242 254 -31
242 357 -50
242 339 -14
242 435 0
242 249 40
242 90 -8
242 297 -53
242 228 73
242 180 -3
243 177 -89
244 376 5
244 48 -9
244 235 36
247 249 -65
247 128 -99
248 400 -53
251 247 -6
251 78 -45
251 122 -62
251 445 96
252 319 -27
252 243 -82
252 279 -45
253 432 -68
253 295 -97
253 162 -25
253 252 -66
253 15 4
254 448 55
254 420 -85
254 470 8
254 462 -83
255 459 -17
255 245 -48
257 41 -39
257 124 69
257 442 -38
259 56 -87
259 185 -40
260 231 -46
260 381 -15
260 373 -74
261 419 -92
261 234 -16
262 292 -76
262 443 -68
263 397 -63
263 172 83
263 198 -94
263 100 92
263 385 25
263 376 -70
265 428 -65
265 295 79
267 125 -42
267 235 -93
267 260 48
267 128 -59
267 92 58
267 411 -3
267 210 -8
267 295 42
270 397 72
270 234 37
270 385 -33
270 477 43
272 419 61
272 247 -15
272 178 41
272 420 -99
274 248 -23
274 105 64
274 20 14
274 451 -50
275 26 -53
276 445 -25
276 195 36
276 260 -93
276 201 -30
276 43 25
276 172 82
277 448 31
277 477 -30
279 423 -85
280 342 5
280 443 40
281 370 45
281 393 -17
281 388 58
281 296 -36
281 404 -61
282 194 -82
282 375 -81
282 231 -68
282 284 31
282 348 14
284 361 -45
284 273 7
284 297 -69
284 5 -81
286 51 -97
286 266 -39
286 371 -2
286 430 44
286 186 -40
286 413 -76
286 39 -12
286 262 63
286 417 62
288 190 -16
290 345 -9
290 333 -61
290 312 -27
290 11 69
290 424 -37
291 334 -65
291 319 20
291 313 -42
291 126 -44
291 261 91
291 84 -3
291 220 -49
293 7 22
293 163 -31
293 370 -42
293 216 -95
293 254 33
293 8 -52
293 113 70
294 490 -82
294 334 -99
294 397 -76
294 363 25
294 71 -62
294 107 -55
294 157 -34
295 9 14
296 247 20
296 243 -45
296 440 -93
296 389 16
298 349 -99
298 495 -47
298 7 -39
298 316 -28
299 42 69
299 451 -7
299 131 -85
299 340 3
299 361 25
299 35 -63
299 373 -94
300 419 -93
301 368 -30
301 24 -95
301 469 -98
301 322 -37
301 178 -97
302 165 19
302 179 -46
303 109 -56
303 486 49
303 177 -17
303 318 42
303 219 -70
304 164 -80
304 9 -91
305 384 -72
306 315 -28
306 430 -81
306 20 -51
306 26 78
306 24 -24
307 185 1
308 340 -10
309 237 98
309 132 -68
310 470 -21
310 183 25
310 264 -50
310 322 19
311 118 -86
311 26 7
311 417 20
311 150 -15
311 400 -15
311 144 -84
311 419 -54
311 370 -95
312 131 33
312 440 -93
312 379 -98
312 431 -24
312 422 57
312 248 -84
313 12 10
313 451 -60
313 29 -60
313 68 -62
313 277 80
314 79 -54
314 220 34
314 246 -51
315 169 59
315 121 51
315 437 -36
315 65 -62
315 284 -1
315 393 -59
316 99 53
316 273 -14
316 479 -91
317 255 76
317 113 -81
317 470 55
318 414 -53
318 172 -77
320 329 57
320 494 9
320 499 5
320 356 94
321 459 17
321 77 27
323 318 -99
323 50 2
324 120 -44
324 255 -49
324 146 -98
324 171 41
324 465 -66
326 408 39
326 473 -89
326 30 -85
326 483 -4
326 271 72
327 382 -76
327 457 -61
327 132 -41
327 308 -98
327 415 97
327 190 -19
327 2 -57
328 414 4
328 329 -35
328 473 27
328 435 -38
328 100 -28
329 121 32
329 491 -37
330 365 -100
330 435 -63
330 226 -93
331 432 -90
331 256 -66
331 249 -69
332 385 46
332 83 68
332 223 4
334 419 29
334 278 -48
335 248 -25
335 308 65
335 421 -57
336 219 -72
336 365 41
336 171 -34
336 432 11
337 398 -31
337 372 -50
338 44 -48
339 479 32
339 383 -53
339 391 -32
340 348 23
341 224 -51
341 41 -23
341 210 73
341 370 4
342 269 -2
342 459 -72
343 42 -7
343 132 -85
343 17 26
343 423 -42
343 228 96
343 159 -85
344 256 45
344 395 -13
344 367 -41
345 117 -99
345 363 -14
345 52 -38
346 131 -100
346 269 -97
347 454 15
347 247 14
349 92 -89
349 83 -57
349 190 -65
350 375 90
350 26 9
350 71 23
351 309 -68
351 318 -58
351 282 -91
353 278 44
353 483 -90
353 79 28
353 385 19
353 69 -100
354 214 54
354 7 -26
354 244 17
354 297 -96
354 373 -45
354 169 -68
354 490 -71
355 375 -98
355 264 -52
356 420 18
356 70 -33
357 73 -63
357 102 -11
357 419 61
357 237 -100
357 474 -97
357 482 2
357 399 -87
359 344 -61
359 247 -64
359 155 72
359 31 68
360 457 -37
361 11 5
365 322 -26
365 185 -61
366 208 -1
366 432 -30
366 358 -85
366 218 -21
367 177 -63
369 408 47
369 75 -35
371 183 11
371 228 -74
371 31 -92
371 197 16
371 499 -91
372 52 14
372 6 92
372 229 -95
372 336 -37
374 15 -9
374 260 53
374 50 -15
374 18 90
374 372 -9
375 173 -30
375 388 -71
375 183 -52
375 435 7
376 319 23
376 393 -69
377 340 83
377 483 -59
377 5 -54
377 424 -70
378 121 -73
378 336 85
378 230 -45
379 8 88
379 493 -23
379 331 -6
379 174 15
379 363 -96
379 462 13
380 491 19
380 174 49
381 24 -81
381 346 11
381 352 -42
383 80 -86
383 196 -78
383 192 -50
383 58 -70
383 147 68
383 292 -94
385 250 -38
385 249 -40
385 264 -86
386 395 9
386 43 46
386 490 -92
386 35 -47
387 99 -41
387 247 -51
387 192 -35
387 269 -40
388 106 -35
389 220 -94
389 196 -73
390 146 -31
390 200 -53
390 448 24
390 239 -100
390 395 -84
391 178 -75
391 35 51
392 121 -72
392 391 -79
392 231 -79
392 417 -74
393 197 -35
393 287 -60
394 335 11
394 312 -69
394 219 90
394 322 35
394 377 0
394 494 -39
394 11 -36
396 206 62
396 72 -89
396 164 -18
396 496 -11
397 362 -59
397 381 -37
397 335 -28
397 278 -20
398 197 45
398 400 -32
398 311 60
398 13 -25
398 55 -52
398 144 55
399 35 -74
399 312 -50
400 216 -3
401 197 -40
403 7 -48
404 128 -49
405 220 90
405 79 -68
405 83 31
405 383 -71
406 325 -84
407 344 35
407 360 4
407 100 -61
407 144 -89
407 448 -83
407 216 59
407 381 -34
408 411 -66
409 269 -93
409 352 79
409 424 99
410 194 -44
410 140 -56
410 209 8
410 174 -87
410 292 -23
410 261 -95
410 17 -44
412 287 -93
412 256 -100
412 171 -95
412 484 99
412 99 -92
412 271 -47
412 250 41
413 121 -48
413 411 -22
414 289 -62
416 247 36
417 101 -30
417 10 -94
417 264 -86
417 250 25
417 9 -57
418 118 -42
419 319 -2
419 4 -74
420 489 -3
420 460 -68
423 454 -59
423 355 -25
423 361 -11
423 10 -4
423 400 -77
423 426 -67
424 13 -63
424 245 -100
425 5 -59
426 295 -37
427 268 -63
427 498 -59
427 105 -99
428 44 -76
428 256 48
428 125 -73
428 278 -66
429 376 -22
429 342 92
429 304 -31
429 358 -93
429 368 -9
429 490 1
429 355 -31
429 194 39
430 248 27
430 278 -45
430 101 -98
430 499 -34
430 106 -94
430 169 11
431 164 -67
431 261 36
431 463 -75
432 401 -30
432 195 -50
432 65 -77
433 125 -85
433 319 -71
433 142 21
433 137 -8
433 430 -48
433 494 -55
434 120 -13
434 356 -81
435 448 -88
436 400 -28
436 216 -57
436 362 -42
436 418 -48
437 131 -76
438 460 9
438 408 -93
438 454 -85
439 344 -43
439 304 -76
440 102 -88
440 477 76
440 304 -11
441 197 14
442 190 -90
442 301 -89
442 325 -60
442 99 -31
442 447 -33
444 113 -26
444 58 -9
444 231 -10
444 223 -50
444 249 -15
445 157 26
445 111 -67
446 421 1
446 90 -53
447 248 19
447 284 -96
447 196 60
447 131 -47
448 368 -69
449 255 36
449 73 -61
449 120 -76
449 13 -93
449 52 -15
451 246 -26
452 183 -7
452 311 -74
452 407 -68
453 58 -37
453 279 -54
454 333 -70
454 250 -79
455 298 -83
455 342 -82
455 262 10
456 155 62
458 77 -95
458 185 16
460 190 25
460 424 59
460 469 -21
460 172 -37
460 246 36
461 23 -93
461 370 -93
461 26 -60
462 147 -90
462 18 -96
462 164 30
463 365 -54
463 113 -47
463 287 -9
463 401 56
463 428 -64
464 142 -17
465 402 -68
465 17 6
465 395 4
466 476 -12
466 250 -82
466 297 88
466 327 -47
466 75 -38
467 264 -70
467 391 95
467 214 -86
467 22 -96
468 179 39
468 421 -45
468 372 -18
468 235 -55
469 437 -43
470 443 -30
470 62 -66
470 154 -18
470 68 -6
471 348 -75
471 4 -74
471 243 99
472 303 10
472 229 -87
473 26 -66
473 295 -67
473 79 48
473 62 -9
474 43 -70
474 44 -41
475 68 35
476 477 -92
476 443 42
476 113 -98
476 479 33
476 427 -5
477 486 -68
478 393 -26
478 304 9
478 161 -26
478 413 43
478 405 -63
479 177 89
479 421 -34
479 144 -77
479 69 33
479 181 -94
480 345 -57
480 261 20
481 31 -16
481 183 -67
481 171 -69
481 295 -72
481 458 -72
482 173 -18
483 185 74
483 141 -79
483 239 -87
483 411 -99
483 12 -40
483 174 -1
483 56 37
484 308 97
485 206 -65
485 210 -29
486 373 -35
486 131 -21
487 474 -59
487 169 -95
487 107 -68
487 248 45
487 202 0
488 254 51
488 10 88
488 457 -83
488 338 -24
488 325 -78
488 245 -99
489 158 -46
489 11 -1
489 360 -86
490 287 43
491 362 -74
492 420 -79
492 66 -54
492 391 -70
492 496 -37
492 333 -72
493 395 -79
493 48 -7
493 315 -79
493 39 -100
493 8 34
494 269 -50
494 10 48
494 106 -56
494 408 26
495 138 -67
495 465 -29
495 413 -75
495 92 -28
496 266 -40
496 331 50
496 390 -70
496 354 -28
497 81 -79
497 366 63
497 86 -53
497 109 -1
497 91 71
497 216 -10
498 197 70
498 499 -19
498 231 -14
